# Book API Log File
# Created: 2024-05-13
# This file contains application logs for the Book API 2025-05-14 00:47:49,033 - sqlalchemy.engine.Engine - INFO - select pg_catalog.version()
2025-05-14 00:47:49,036 - sqlalchemy.engine.Engine - INFO - [raw sql] ()
2025-05-14 00:47:49,795 - sqlalchemy.engine.Engine - INFO - select current_schema()
2025-05-14 00:47:49,796 - sqlalchemy.engine.Engine - INFO - [raw sql] ()
2025-05-14 00:47:50,575 - sqlalchemy.engine.Engine - INFO - show standard_conforming_strings
2025-05-14 00:47:50,576 - sqlalchemy.engine.Engine - INFO - [raw sql] ()
2025-05-14 00:47:51,144 - sqlalchemy.engine.Engine - INFO - BEGIN (implicit)
2025-05-14 00:47:51,148 - sqlalchemy.engine.Engine - INFO - INSERT INTO books (title, author, published_year, genre, available) VALUES ($1::VARCHAR, $2::VARCHAR, $3::INTEGER, $4::VARCHAR, $5::BOOLEAN) RETURNING books.id
2025-05-14 00:47:51,150 - sqlalchemy.engine.Engine - INFO - [generated in 0.00122s] ('The Great Gatsby', 'F. Scott Fitzgerald', 1925, 'Fiction', True)
2025-05-14 00:47:51,719 - sqlalchemy.engine.Engine - INFO - COMMIT
2025-05-14 00:48:47,478 - sqlalchemy.engine.Engine - INFO - BEGIN (implicit)
2025-05-14 00:48:47,480 - sqlalchemy.engine.Engine - INFO - SELECT books.id, books.title, books.author, books.published_year, books.genre, books.available 
FROM books
2025-05-14 00:48:47,480 - sqlalchemy.engine.Engine - INFO - [generated in 0.00078s] ()
2025-05-14 00:48:48,046 - sqlalchemy.engine.Engine - INFO - ROLLBACK
2025-05-14 00:53:01,445 - sqlalchemy.engine.Engine - INFO - BEGIN (implicit)
2025-05-14 00:53:01,448 - sqlalchemy.engine.Engine - INFO - SELECT books.id, books.title, books.author, books.published_year, books.genre, books.available 
FROM books
2025-05-14 00:53:01,451 - sqlalchemy.engine.Engine - INFO - [cached since 254s ago] ()
2025-05-14 00:53:01,833 - sqlalchemy.engine.Engine - INFO - ROLLBACK
2025-05-14 00:53:49,204 - sqlalchemy.engine.Engine - INFO - BEGIN (implicit)
2025-05-14 00:53:49,209 - sqlalchemy.engine.Engine - INFO - DELETE FROM books WHERE books.id = $1::INTEGER
2025-05-14 00:53:49,211 - sqlalchemy.engine.Engine - INFO - [generated in 0.00232s] (999999,)
2025-05-14 00:53:49,793 - sqlalchemy.engine.Engine - INFO - COMMIT
2025-05-14 00:53:49,982 - app.api.v1.routes.endpoints.delete_books - ERROR - Error in delete_book: 404: Book not found.
2025-05-14 01:10:52,468 - sqlalchemy.engine.Engine - INFO - select pg_catalog.version()
2025-05-14 01:10:52,469 - sqlalchemy.engine.Engine - INFO - [raw sql] ()
2025-05-14 01:10:53,256 - sqlalchemy.engine.Engine - INFO - select current_schema()
2025-05-14 01:10:53,256 - sqlalchemy.engine.Engine - INFO - [raw sql] ()
2025-05-14 01:10:54,006 - sqlalchemy.engine.Engine - INFO - show standard_conforming_strings
2025-05-14 01:10:54,007 - sqlalchemy.engine.Engine - INFO - [raw sql] ()
2025-05-14 01:10:54,571 - sqlalchemy.engine.Engine - INFO - BEGIN (implicit)
2025-05-14 01:10:54,573 - sqlalchemy.engine.Engine - INFO - DELETE FROM books WHERE books.id = $1::INTEGER
2025-05-14 01:10:54,573 - sqlalchemy.engine.Engine - INFO - [generated in 0.00029s] (999999,)
2025-05-14 01:10:55,138 - sqlalchemy.engine.Engine - INFO - COMMIT
2025-05-14 01:10:55,327 - app.api.v1.routes.endpoints.delete_books - ERROR - Error in delete_book: 404: Book not found.
